<?xml version="1.0" encoding="UTF-8"?>
<!-- Generated by org.testng.reporters.JUnitXMLReporter -->
<testsuite ignored="0" hostname="Sadique" failures="0" tests="4" name="Surefire test" time="0.08" errors="0" timestamp="2025-08-12T15:26:04 IST">
  <testcase classname="pack1.ContactTest" name="creatContactTest" time="0.008"/>
  <testcase classname="pack1.ContactTest" name="modifyContactTest" time="0.001"/>
  <testcase classname="pack2.orgTest" name="createorgTest" time="0.001"/>
  <testcase classname="pack2.orgTest" name="modifyorgTest" time="0.001"/>
</testsuite> <!-- Surefire test -->
