<?xml version="1.0" encoding="UTF-8"?>
<testng-results ignored="0" total="4" passed="4" failed="0" skipped="0">
  <reporter-output>
  </reporter-output>
  <suite started-at="2025-08-12T15:26:04 IST" name="Surefire suite" finished-at="2025-08-12T15:26:04 IST" duration-ms="80">
    <groups>
    </groups>
    <test started-at="2025-08-12T15:26:04 IST" name="Surefire test" finished-at="2025-08-12T15:26:04 IST" duration-ms="80">
      <class name="pack1.ContactTest">
        <test-method signature="creatContactTest()[pri:0, instance:pack1.ContactTest@37918c79]" started-at="2025-08-12T15:26:04 IST" name="creatContactTest" finished-at="2025-08-12T15:26:04 IST" duration-ms="8" status="PASS">
          <reporter-output>
          </reporter-output>
        </test-method> <!-- creatContactTest -->
        <test-method signature="modifyContactTest()[pri:0, instance:pack1.ContactTest@37918c79]" started-at="2025-08-12T15:26:04 IST" name="modifyContactTest" finished-at="2025-08-12T15:26:04 IST" duration-ms="1" status="PASS">
          <reporter-output>
          </reporter-output>
        </test-method> <!-- modifyContactTest -->
      </class> <!-- pack1.ContactTest -->
      <class name="pack2.orgTest">
        <test-method signature="createorgTest()[pri:0, instance:pack2.orgTest@16e7dcfd]" started-at="2025-08-12T15:26:04 IST" name="createorgTest" finished-at="2025-08-12T15:26:04 IST" duration-ms="1" status="PASS">
          <reporter-output>
          </reporter-output>
        </test-method> <!-- createorgTest -->
        <test-method signature="modifyorgTest()[pri:0, instance:pack2.orgTest@16e7dcfd]" started-at="2025-08-12T15:26:04 IST" name="modifyorgTest" finished-at="2025-08-12T15:26:04 IST" duration-ms="1" status="PASS">
          <reporter-output>
          </reporter-output>
        </test-method> <!-- modifyorgTest -->
      </class> <!-- pack2.orgTest -->
    </test> <!-- Surefire test -->
  </suite> <!-- Surefire suite -->
</testng-results>
